<?xml version="1.0" encoding="UTF-8"?>
<!-- Generated by org.testng.reporters.JUnitXMLReporter -->
<testsuite ignored="0" hostname="L001356" failures="0" tests="7" name="Test" time="62.893" errors="0" timestamp="2020-05-04T23:43:03 EDT">
  <testcase classname="TestNG_Package.Features" name="link4" time="0.924"/>
  <testcase classname="TestNG_Package.Features" name="link4" time="0.424"/>
  <testcase classname="TestNG_Package.Features" name="link4" time="0.224"/>
  <testcase classname="TestNG_Package.Features" name="link4" time="0.539"/>
  <testcase classname="TestNG_Package.Features" name="link4" time="0.518"/>
  <testcase classname="TestNG_Package.Features" name="launch" time="0.115"/>
  <testcase classname="TestNG_Package.Features" name="link3" time="0.552"/>
</testsuite> <!-- Test -->
